0 info it worked if it ends with ok
1 verbose cli [ 'D:\\nodeJs\\\\node.exe',
1 verbose cli   'D:\\nodeJs\\node_modules\\npm\\bin\\npm-cli.js',
1 verbose cli   'install' ]
2 info using npm@1.4.9
3 info using node@v0.10.28
4 verbose node symlink D:\nodeJs\\node.exe
5 warn package.json nodeJs@0.1.0 No repository field.
6 verbose readDependencies using package.json deps
7 verbose install where, deps [ 'D:\\chatting\\project\\nodeJs',
7 verbose install   [ 'express', 'socket.io', 'oracle' ] ]
8 info preinstall nodeJs@0.1.0
9 verbose readDependencies using package.json deps
10 verbose already installed skipping socket.io@0.9.16 D:\chatting\project\nodeJs
11 verbose cache add [ 'oracle@7.1.5.1398', null ]
12 verbose cache add name=undefined spec="oracle@7.1.5.1398" args=["oracle@7.1.5.1398",null]
13 verbose parsed url { protocol: null,
13 verbose parsed url   slashes: null,
13 verbose parsed url   auth: null,
13 verbose parsed url   host: null,
13 verbose parsed url   port: null,
13 verbose parsed url   hostname: null,
13 verbose parsed url   hash: null,
13 verbose parsed url   search: null,
13 verbose parsed url   query: null,
13 verbose parsed url   pathname: 'oracle@7.1.5.1398',
13 verbose parsed url   path: 'oracle@7.1.5.1398',
13 verbose parsed url   href: 'oracle@7.1.5.1398' }
14 verbose cache add name="oracle" spec="7.1.5.1398" args=["oracle","7.1.5.1398"]
15 verbose parsed url { protocol: null,
15 verbose parsed url   slashes: null,
15 verbose parsed url   auth: null,
15 verbose parsed url   host: null,
15 verbose parsed url   port: null,
15 verbose parsed url   hostname: null,
15 verbose parsed url   hash: null,
15 verbose parsed url   search: null,
15 verbose parsed url   query: null,
15 verbose parsed url   pathname: '7.1.5.1398',
15 verbose parsed url   path: '7.1.5.1398',
15 verbose parsed url   href: '7.1.5.1398' }
16 verbose addNamed [ 'oracle', '7.1.5.1398' ]
17 verbose addNamed [ null, null ]
18 verbose already installed skipping express@3.2.6 D:\chatting\project\nodeJs
19 silly lockFile 298f240c-oracle-7-1-5-1398 oracle@7.1.5.1398
20 verbose lock oracle@7.1.5.1398 C:\Users\Jeongseyoung\AppData\Roaming\npm-cache\298f240c-oracle-7-1-5-1398.lock
21 info addNameTag [ 'oracle', '7.1.5.1398' ]
22 verbose url raw oracle
23 verbose url resolving [ 'https://registry.npmjs.org/', './oracle' ]
24 verbose url resolved https://registry.npmjs.org/oracle
25 info trying registry request attempt 1 at 14:25:12
26 verbose etag "5P5OU0G0R5PXTM69UMC3TY4J8"
27 http GET https://registry.npmjs.org/oracle
28 http 304 https://registry.npmjs.org/oracle
29 silly registry.get cb [ 304,
29 silly registry.get   { date: 'Fri, 20 Jun 2014 05:25:04 GMT',
29 silly registry.get     server: 'Apache',
29 silly registry.get     via: '1.1 varnish',
29 silly registry.get     'last-modified': 'Fri, 20 Jun 2014 05:25:05 GMT',
29 silly registry.get     'cache-control': 'max-age=30',
29 silly registry.get     etag: '"5P5OU0G0R5PXTM69UMC3TY4J8"',
29 silly registry.get     'x-served-by': 'cache-sv62-SJC3',
29 silly registry.get     'x-cache': 'MISS',
29 silly registry.get     'x-cache-hits': '0',
29 silly registry.get     'x-timer': 'S1403241904.987650,VS0,VE41',
29 silly registry.get     vary: 'Accept',
29 silly registry.get     'content-length': '0',
29 silly registry.get     'keep-alive': 'timeout=10, max=50',
29 silly registry.get     connection: 'Keep-Alive' } ]
30 verbose etag oracle from cache
31 silly lockFile 298f240c-oracle-7-1-5-1398 oracle@7.1.5.1398
32 silly lockFile 298f240c-oracle-7-1-5-1398 oracle@7.1.5.1398
33 error notarget No compatible version found: oracle@'7.1.5.1398'
33 error notarget Valid install targets:
33 error notarget ["0.1.0","0.1.1","0.1.2","0.1.3","0.2.0","0.3.0","0.3.1","0.3.2","0.3.3","0.3.4","0.3.5","0.3.6","0.3.7"]
33 error notarget
33 error notarget This is most likely not a problem with npm itself.
33 error notarget In most cases you or one of your dependencies are requesting
33 error notarget a package version that doesn't exist.
34 error System Windows_NT 6.1.7601
35 error command "D:\\nodeJs\\\\node.exe" "D:\\nodeJs\\node_modules\\npm\\bin\\npm-cli.js" "install"
36 error cwd D:\chatting\project\nodeJs
37 error node -v v0.10.28
38 error npm -v 1.4.9
39 error code ETARGET
40 verbose exit [ 1, true ]
